<?xml version="1.0" encoding="UTF-8"?>
<testsuite name="com.hackergym.samples.array.questions.PainterTest" tests="6" skipped="0" failures="0" errors="0" timestamp="2014-09-06T17:07:34" hostname="Alis-MacBook-Pro.local" time="0.004">
  <properties/>
  <testcase name="testPaintQueueFull" classname="com.hackergym.samples.array.questions.PainterTest" time="0.001"/>
  <testcase name="testPaintQueue" classname="com.hackergym.samples.array.questions.PainterTest" time="0.0"/>
  <testcase name="testPaintRecursiveEmpty" classname="com.hackergym.samples.array.questions.PainterTest" time="0.0"/>
  <testcase name="testPaintQueueEmpty" classname="com.hackergym.samples.array.questions.PainterTest" time="0.003"/>
  <testcase name="testPaintRecursive" classname="com.hackergym.samples.array.questions.PainterTest" time="0.0"/>
  <testcase name="testPaintRecursiveFull" classname="com.hackergym.samples.array.questions.PainterTest" time="0.0"/>
  <system-out><![CDATA[]]></system-out>
  <system-err><![CDATA[]]></system-err>
</testsuite>
