<?xml version="1.0" encoding="UTF-8"?>
<testsuite name="com.hackergym.samples.array.questions.TranslatorTest" tests="5" skipped="0" failures="0" errors="0" timestamp="2014-09-07T19:40:14" hostname="Alis-MacBook-Pro.local" time="0.0">
  <properties/>
  <testcase name="testTranslateSingleWord" classname="com.hackergym.samples.array.questions.TranslatorTest" time="0.0"/>
  <testcase name="testTranslateMultipleWordsLongWord" classname="com.hackergym.samples.array.questions.TranslatorTest" time="0.0"/>
  <testcase name="testTranslateSingleWordSomeWordsWtihNoTranslation" classname="com.hackergym.samples.array.questions.TranslatorTest" time="0.0"/>
  <testcase name="testTranslateMultipleWordsSomeWordsWithNoTranslation" classname="com.hackergym.samples.array.questions.TranslatorTest" time="0.0"/>
  <testcase name="testTranslateMultipleWords" classname="com.hackergym.samples.array.questions.TranslatorTest" time="0.0"/>
  <system-out><![CDATA[]]></system-out>
  <system-err><![CDATA[]]></system-err>
</testsuite>
