<?xml version="1.0" encoding="UTF-8"?>
<testsuite name="com.hackergym.samples.linkedlist.questions.LoopRemoverTest" tests="7" skipped="0" failures="0" errors="0" timestamp="2014-07-29T04:30:52" hostname="Alis-MacBook-Pro.local" time="0.002">
  <properties/>
  <testcase name="testRemoveLoopHashNoLoop" classname="com.hackergym.samples.linkedlist.questions.LoopRemoverTest" time="0.0"/>
  <testcase name="testRemoveLoopHash" classname="com.hackergym.samples.linkedlist.questions.LoopRemoverTest" time="0.001"/>
  <testcase name="testRemoveLoopPointersOddNodes" classname="com.hackergym.samples.linkedlist.questions.LoopRemoverTest" time="0.0"/>
  <testcase name="testRemoveLoopPointersSingleNode" classname="com.hackergym.samples.linkedlist.questions.LoopRemoverTest" time="0.0"/>
  <testcase name="testRemoveLoopHashSingleNode" classname="com.hackergym.samples.linkedlist.questions.LoopRemoverTest" time="0.001"/>
  <testcase name="testRemoveLoopPointersEvenNodes" classname="com.hackergym.samples.linkedlist.questions.LoopRemoverTest" time="0.0"/>
  <testcase name="testRemoveLoopPointersNoLoop" classname="com.hackergym.samples.linkedlist.questions.LoopRemoverTest" time="0.0"/>
  <system-out><![CDATA[]]></system-out>
  <system-err><![CDATA[]]></system-err>
</testsuite>
