<?xml version="1.0" encoding="UTF-8"?>
<testsuite name="com.hackergym.samples.array.questions.IntegerConverterTest" tests="6" skipped="0" failures="0" errors="0" timestamp="2014-09-06T17:07:34" hostname="Alis-MacBook-Pro.local" time="0.002">
  <properties/>
  <testcase name="testFromStringNegative" classname="com.hackergym.samples.array.questions.IntegerConverterTest" time="0.001"/>
  <testcase name="testToStringNegative" classname="com.hackergym.samples.array.questions.IntegerConverterTest" time="0.0"/>
  <testcase name="testToStringAllZero" classname="com.hackergym.samples.array.questions.IntegerConverterTest" time="0.0"/>
  <testcase name="testToString" classname="com.hackergym.samples.array.questions.IntegerConverterTest" time="0.0"/>
  <testcase name="testFromStringAllZero" classname="com.hackergym.samples.array.questions.IntegerConverterTest" time="0.0"/>
  <testcase name="testFromString" classname="com.hackergym.samples.array.questions.IntegerConverterTest" time="0.0"/>
  <system-out><![CDATA[]]></system-out>
  <system-err><![CDATA[]]></system-err>
</testsuite>
