<?xml version="1.0" encoding="UTF-8"?>
<testsuite name="com.hackergym.samples.linkedlist.questions.LRUTest" tests="3" skipped="0" failures="0" errors="0" timestamp="2014-07-29T04:30:52" hostname="Alis-MacBook-Pro.local" time="0.002">
  <properties/>
  <testcase name="testLRUSizeOne" classname="com.hackergym.samples.linkedlist.questions.LRUTest" time="0.001"/>
  <testcase name="testLRUInsert" classname="com.hackergym.samples.linkedlist.questions.LRUTest" time="0.0"/>
  <testcase name="testLRUGet" classname="com.hackergym.samples.linkedlist.questions.LRUTest" time="0.001"/>
  <system-out><![CDATA[]]></system-out>
  <system-err><![CDATA[]]></system-err>
</testsuite>
