<?xml version="1.0" encoding="UTF-8"?>
<testsuite name="com.hackergym.samples.array.questions.DuplicatesTest" tests="15" skipped="0" failures="0" errors="0" timestamp="2014-09-06T17:07:34" hostname="Alis-MacBook-Pro.local" time="0.033">
  <properties/>
  <testcase name="testDetectDuplicatesHashNormal" classname="com.hackergym.samples.array.questions.DuplicatesTest" time="0.0"/>
  <testcase name="testRemoveDuplicates" classname="com.hackergym.samples.array.questions.DuplicatesTest" time="0.029"/>
  <testcase name="testDetectDuplicatesHashEmptyString" classname="com.hackergym.samples.array.questions.DuplicatesTest" time="0.0"/>
  <testcase name="testRemoveDuplicatesAllDuplicatesGroupingSingle" classname="com.hackergym.samples.array.questions.DuplicatesTest" time="0.0"/>
  <testcase name="testDetectDuplicatesSortNoDuplicates" classname="com.hackergym.samples.array.questions.DuplicatesTest" time="0.0"/>
  <testcase name="testRemoveDuplicatesNoDuplicatesGrouping" classname="com.hackergym.samples.array.questions.DuplicatesTest" time="0.0"/>
  <testcase name="testDetectDuplicatesHashNoDuplicates" classname="com.hackergym.samples.array.questions.DuplicatesTest" time="0.0"/>
  <testcase name="testRemoveDuplicatesAllDuplicatesGroupingAtBeginning" classname="com.hackergym.samples.array.questions.DuplicatesTest" time="0.0"/>
  <testcase name="testRemoveDuplicatesAllDuplicatesGrouping" classname="com.hackergym.samples.array.questions.DuplicatesTest" time="0.0"/>
  <testcase name="testRemoveDuplicatesGrouping" classname="com.hackergym.samples.array.questions.DuplicatesTest" time="0.0"/>
  <testcase name="testRemoveDuplicatesNoDuplicates" classname="com.hackergym.samples.array.questions.DuplicatesTest" time="0.0"/>
  <testcase name="testDetectDuplicatesSortNormal" classname="com.hackergym.samples.array.questions.DuplicatesTest" time="0.0"/>
  <testcase name="testRemoveDuplicatesAllDuplicatesGroupingAtEnd" classname="com.hackergym.samples.array.questions.DuplicatesTest" time="0.0"/>
  <testcase name="testDetectDuplicatesSortEmptyString" classname="com.hackergym.samples.array.questions.DuplicatesTest" time="0.0"/>
  <testcase name="testRemoveDuplicatesAllDuplicates" classname="com.hackergym.samples.array.questions.DuplicatesTest" time="0.0"/>
  <system-out><![CDATA[]]></system-out>
  <system-err><![CDATA[]]></system-err>
</testsuite>
