<?xml version="1.0" encoding="UTF-8"?>
<testsuite name="com.hackergym.samples.array.questions.MaximumSubarrayTest" tests="6" skipped="0" failures="0" errors="0" timestamp="2014-09-06T17:07:34" hostname="Alis-MacBook-Pro.local" time="0.002">
  <properties/>
  <testcase name="testFindMaximumSubarrayLinear" classname="com.hackergym.samples.array.questions.MaximumSubarrayTest" time="0.001"/>
  <testcase name="testFindMaximumSubarrayLinearAllNegativeButOne" classname="com.hackergym.samples.array.questions.MaximumSubarrayTest" time="0.0"/>
  <testcase name="testFindMaximumSubarrayEnumerationEmptyArrayResult" classname="com.hackergym.samples.array.questions.MaximumSubarrayTest" time="0.0"/>
  <testcase name="testFindMaximumSubarrayEnumeration" classname="com.hackergym.samples.array.questions.MaximumSubarrayTest" time="0.0"/>
  <testcase name="testFindMaximumSubarrayEnumerationAllNegativeButOne" classname="com.hackergym.samples.array.questions.MaximumSubarrayTest" time="0.0"/>
  <testcase name="testFindMaximumSubarrayLinearEmptyArrayResult" classname="com.hackergym.samples.array.questions.MaximumSubarrayTest" time="0.0"/>
  <system-out><![CDATA[]]></system-out>
  <system-err><![CDATA[]]></system-err>
</testsuite>
