<?xml version="1.0" encoding="UTF-8"?>
<testsuite name="com.hackergym.samples.array.questions.StockPriceTest" tests="4" skipped="0" failures="0" errors="0" timestamp="2014-09-06T17:07:34" hostname="Alis-MacBook-Pro.local" time="0.001">
  <properties/>
  <testcase name="testGetBestDealEnumerationWithLoss" classname="com.hackergym.samples.array.questions.StockPriceTest" time="0.0"/>
  <testcase name="testGetBestDealOptimizedWithLoss" classname="com.hackergym.samples.array.questions.StockPriceTest" time="0.0"/>
  <testcase name="testGetBestDealOptimized" classname="com.hackergym.samples.array.questions.StockPriceTest" time="0.0"/>
  <testcase name="testGetBestDealEnumeration" classname="com.hackergym.samples.array.questions.StockPriceTest" time="0.0"/>
  <system-out><![CDATA[]]></system-out>
  <system-err><![CDATA[]]></system-err>
</testsuite>
