<?xml version="1.0" encoding="UTF-8"?>
<testsuite name="com.hackergym.samples.linkedlist.questions.Problem10Test" tests="17" skipped="0" failures="0" errors="0" timestamp="2014-09-07T19:40:14" hostname="Alis-MacBook-Pro.local" time="0.009">
  <properties/>
  <testcase name="testSumNonEqualLength" classname="com.hackergym.samples.linkedlist.questions.Problem10Test" time="0.001"/>
  <testcase name="testSubtractNonEqualLength" classname="com.hackergym.samples.linkedlist.questions.Problem10Test" time="0.0"/>
  <testcase name="testSubtractCustomSmallerFirst" classname="com.hackergym.samples.linkedlist.questions.Problem10Test" time="0.001"/>
  <testcase name="testSumCarry" classname="com.hackergym.samples.linkedlist.questions.Problem10Test" time="0.0"/>
  <testcase name="testSubtractSmallerFirst" classname="com.hackergym.samples.linkedlist.questions.Problem10Test" time="0.001"/>
  <testcase name="testSumCustomEqualLength" classname="com.hackergym.samples.linkedlist.questions.Problem10Test" time="0.0"/>
  <testcase name="testSubtractCustomNonEqualLength" classname="com.hackergym.samples.linkedlist.questions.Problem10Test" time="0.001"/>
  <testcase name="testSumReverseEqualLength" classname="com.hackergym.samples.linkedlist.questions.Problem10Test" time="0.0"/>
  <testcase name="testSumReverseCarry" classname="com.hackergym.samples.linkedlist.questions.Problem10Test" time="0.001"/>
  <testcase name="testSubtractBorrow" classname="com.hackergym.samples.linkedlist.questions.Problem10Test" time="0.0"/>
  <testcase name="testSubtractEqualLength" classname="com.hackergym.samples.linkedlist.questions.Problem10Test" time="0.001"/>
  <testcase name="testSumCustomNonEqualLength" classname="com.hackergym.samples.linkedlist.questions.Problem10Test" time="0.0"/>
  <testcase name="testSubtractCustomEqualLength" classname="com.hackergym.samples.linkedlist.questions.Problem10Test" time="0.0"/>
  <testcase name="testSumReverseNonEqualLength" classname="com.hackergym.samples.linkedlist.questions.Problem10Test" time="0.0"/>
  <testcase name="testSumEqualLength" classname="com.hackergym.samples.linkedlist.questions.Problem10Test" time="0.001"/>
  <testcase name="testSumCustomCarry" classname="com.hackergym.samples.linkedlist.questions.Problem10Test" time="0.0"/>
  <testcase name="testSubtractCustomBorrow" classname="com.hackergym.samples.linkedlist.questions.Problem10Test" time="0.001"/>
  <system-out><![CDATA[]]></system-out>
  <system-err><![CDATA[]]></system-err>
</testsuite>
