<?xml version="1.0" encoding="UTF-8"?>
<testsuite name="com.hackergym.samples.array.questions.WhiteSpaceTest" tests="6" skipped="0" failures="0" errors="0" timestamp="2014-09-06T17:07:34" hostname="Alis-MacBook-Pro.local" time="0.001">
  <properties/>
  <testcase name="testRemoveWhiteSpaceExtraMemoryNoWhitespace" classname="com.hackergym.samples.array.questions.WhiteSpaceTest" time="0.0"/>
  <testcase name="testRemoveWhiteSpaceInPlaceNoWhitesapce" classname="com.hackergym.samples.array.questions.WhiteSpaceTest" time="0.0"/>
  <testcase name="testRemoveWhiteSpaceInPlaceAllWhiteSapce" classname="com.hackergym.samples.array.questions.WhiteSpaceTest" time="0.0"/>
  <testcase name="testRemoveWhiteSpaceExtraMemory" classname="com.hackergym.samples.array.questions.WhiteSpaceTest" time="0.0"/>
  <testcase name="testRemoveWhiteSpaceInPlace" classname="com.hackergym.samples.array.questions.WhiteSpaceTest" time="0.0"/>
  <testcase name="testRemoveWhiteSpaceExtraMemoryAllWhitespace" classname="com.hackergym.samples.array.questions.WhiteSpaceTest" time="0.0"/>
  <system-out><![CDATA[]]></system-out>
  <system-err><![CDATA[]]></system-err>
</testsuite>
