<?xml version="1.0" encoding="UTF-8"?>
<testsuite name="com.hackergym.samples.linkedlist.questions.Problem7Test" tests="4" skipped="0" failures="0" errors="0" timestamp="2014-09-07T19:40:14" hostname="Alis-MacBook-Pro.local" time="0.001">
  <properties/>
  <testcase name="testFlattenListCustom" classname="com.hackergym.samples.linkedlist.questions.Problem7Test" time="0.001"/>
  <testcase name="testFlattenListCustomNoChildren" classname="com.hackergym.samples.linkedlist.questions.Problem7Test" time="0.0"/>
  <testcase name="testFlattenListNoChildren" classname="com.hackergym.samples.linkedlist.questions.Problem7Test" time="0.0"/>
  <testcase name="testFlattenList" classname="com.hackergym.samples.linkedlist.questions.Problem7Test" time="0.0"/>
  <system-out><![CDATA[]]></system-out>
  <system-err><![CDATA[]]></system-err>
</testsuite>
