<?xml version="1.0" encoding="UTF-8"?>
<testsuite name="com.hackergym.samples.linkedlist.questions.Problem4Test" tests="6" skipped="0" failures="0" errors="0" timestamp="2014-09-07T19:40:14" hostname="Alis-MacBook-Pro.local" time="0.001">
  <properties/>
  <testcase name="testRemoveDuplicatesMoreThanOne" classname="com.hackergym.samples.linkedlist.questions.Problem4Test" time="0.0"/>
  <testcase name="testRemoveDuplicates" classname="com.hackergym.samples.linkedlist.questions.Problem4Test" time="0.0"/>
  <testcase name="testRemoveDuplicatesCustomNoDuplicates" classname="com.hackergym.samples.linkedlist.questions.Problem4Test" time="0.0"/>
  <testcase name="testRemoveDuplicatesNoDuplicates" classname="com.hackergym.samples.linkedlist.questions.Problem4Test" time="0.0"/>
  <testcase name="testRemoveDuplicatesCustomMoreThanOne" classname="com.hackergym.samples.linkedlist.questions.Problem4Test" time="0.0"/>
  <testcase name="testRemoveDuplicatesCustom" classname="com.hackergym.samples.linkedlist.questions.Problem4Test" time="0.0"/>
  <system-out><![CDATA[]]></system-out>
  <system-err><![CDATA[]]></system-err>
</testsuite>
