<?xml version="1.0" encoding="UTF-8"?>
<testsuite name="com.hackergym.samples.linkedlist.questions.Problem14Test" tests="9" skipped="0" failures="0" errors="0" timestamp="2014-09-07T19:40:14" hostname="Alis-MacBook-Pro.local" time="0.003">
  <properties/>
  <testcase name="testSeparateOddsQueueEvenSize" classname="com.hackergym.samples.linkedlist.questions.Problem14Test" time="0.001"/>
  <testcase name="testSeparateOddsCustomSingleSize" classname="com.hackergym.samples.linkedlist.questions.Problem14Test" time="0.0"/>
  <testcase name="testSeparateOddsQueueOddSize" classname="com.hackergym.samples.linkedlist.questions.Problem14Test" time="0.0"/>
  <testcase name="testSeparateOddsCustomOddSize" classname="com.hackergym.samples.linkedlist.questions.Problem14Test" time="0.001"/>
  <testcase name="testSeparateOddsPointersEvenSize" classname="com.hackergym.samples.linkedlist.questions.Problem14Test" time="0.0"/>
  <testcase name="testSeparateOddsQueueSingleSize" classname="com.hackergym.samples.linkedlist.questions.Problem14Test" time="0.0"/>
  <testcase name="testSeparateOddsPointersOddSize" classname="com.hackergym.samples.linkedlist.questions.Problem14Test" time="0.001"/>
  <testcase name="testSeparateOddsPointersSingleSize" classname="com.hackergym.samples.linkedlist.questions.Problem14Test" time="0.0"/>
  <testcase name="testSeparateOddsCustomEvenSize" classname="com.hackergym.samples.linkedlist.questions.Problem14Test" time="0.0"/>
  <system-out><![CDATA[]]></system-out>
  <system-err><![CDATA[]]></system-err>
</testsuite>
