<?xml version="1.0" encoding="UTF-8"?>
<testsuite name="com.hackergym.samples.linkedlist.questions.LinkedNumbersTest" tests="10" skipped="0" failures="0" errors="0" timestamp="2014-06-16T17:56:46" hostname="Alis-MacBook-Pro.local" time="0.006">
  <properties/>
  <testcase name="testSumNonEqualLength" classname="com.hackergym.samples.linkedlist.questions.LinkedNumbersTest" time="0.001"/>
  <testcase name="testSubtractNonEqualLength" classname="com.hackergym.samples.linkedlist.questions.LinkedNumbersTest" time="0.0"/>
  <testcase name="testSumCarry" classname="com.hackergym.samples.linkedlist.questions.LinkedNumbersTest" time="0.0"/>
  <testcase name="testSubtractSmallerFirst" classname="com.hackergym.samples.linkedlist.questions.LinkedNumbersTest" time="0.0"/>
  <testcase name="testSumReverseEqualLength" classname="com.hackergym.samples.linkedlist.questions.LinkedNumbersTest" time="0.001"/>
  <testcase name="testSumReverseCarry" classname="com.hackergym.samples.linkedlist.questions.LinkedNumbersTest" time="0.0"/>
  <testcase name="testSubtractBorrow" classname="com.hackergym.samples.linkedlist.questions.LinkedNumbersTest" time="0.0"/>
  <testcase name="testSubtractEqualLength" classname="com.hackergym.samples.linkedlist.questions.LinkedNumbersTest" time="0.0"/>
  <testcase name="testSumReverseNonEqualLength" classname="com.hackergym.samples.linkedlist.questions.LinkedNumbersTest" time="0.0"/>
  <testcase name="testSumEqualLength" classname="com.hackergym.samples.linkedlist.questions.LinkedNumbersTest" time="0.0"/>
  <system-out><![CDATA[]]></system-out>
  <system-err><![CDATA[]]></system-err>
</testsuite>
