<?xml version="1.0" encoding="UTF-8"?>
<testsuite name="com.hackergym.samples.array.questions.Problem4Test" tests="11" skipped="0" failures="0" errors="0" timestamp="2014-09-07T19:40:14" hostname="Alis-MacBook-Pro.local" time="0.002">
  <properties/>
  <testcase name="testAreAnagramsSortNotAnagramsDifferentLength" classname="com.hackergym.samples.array.questions.Problem4Test" time="0.0"/>
  <testcase name="testAreAnagramsHashNotAnagramsSameLengthNewChar" classname="com.hackergym.samples.array.questions.Problem4Test" time="0.001"/>
  <testcase name="testAreAnagramsCustomNotAnagramsSameLengthMissingChar" classname="com.hackergym.samples.array.questions.Problem4Test" time="0.0"/>
  <testcase name="testAreAnagramsHash" classname="com.hackergym.samples.array.questions.Problem4Test" time="0.0"/>
  <testcase name="testAreAnagramsSort" classname="com.hackergym.samples.array.questions.Problem4Test" time="0.0"/>
  <testcase name="testAreAnagramsCustomNotAnagramsDifferentLength" classname="com.hackergym.samples.array.questions.Problem4Test" time="0.0"/>
  <testcase name="testAreAnagramsCustom" classname="com.hackergym.samples.array.questions.Problem4Test" time="0.0"/>
  <testcase name="testAreAnagramsHashNotAnagramsSameLengthMissingChar" classname="com.hackergym.samples.array.questions.Problem4Test" time="0.0"/>
  <testcase name="testAreAnagramsSortNotAnagramsSameLength" classname="com.hackergym.samples.array.questions.Problem4Test" time="0.0"/>
  <testcase name="testAreAnagramsCustomNotAnagramsSameLengthNewChar" classname="com.hackergym.samples.array.questions.Problem4Test" time="0.0"/>
  <testcase name="testAreAnagramsHashNotAnagramsDifferentLength" classname="com.hackergym.samples.array.questions.Problem4Test" time="0.0"/>
  <system-out><![CDATA[]]></system-out>
  <system-err><![CDATA[]]></system-err>
</testsuite>
