<?xml version="1.0" encoding="UTF-8"?>
<testsuite name="com.hackergym.samples.linkedlist.questions.Problem9Test" tests="6" skipped="0" failures="0" errors="0" timestamp="2014-09-07T19:40:14" hostname="Alis-MacBook-Pro.local" time="0.0">
  <properties/>
  <testcase name="testStraightDelete" classname="com.hackergym.samples.linkedlist.questions.Problem9Test" time="0.0"/>
  <testcase name="testStraightDeleteFirstElement" classname="com.hackergym.samples.linkedlist.questions.Problem9Test" time="0.0"/>
  <testcase name="testStraightLastElement" classname="com.hackergym.samples.linkedlist.questions.Problem9Test" time="0.0"/>
  <testcase name="testStraightDeleteCustomLastElement" classname="com.hackergym.samples.linkedlist.questions.Problem9Test" time="0.0"/>
  <testcase name="testStraightFirstElement" classname="com.hackergym.samples.linkedlist.questions.Problem9Test" time="0.0"/>
  <testcase name="testStraightDeleteCustom" classname="com.hackergym.samples.linkedlist.questions.Problem9Test" time="0.0"/>
  <system-out><![CDATA[]]></system-out>
  <system-err><![CDATA[]]></system-err>
</testsuite>
