<?xml version="1.0" encoding="UTF-8"?>
<testsuite name="com.hackergym.samples.linkedlist.questions.MiddleFinderTest" tests="6" skipped="0" failures="0" errors="0" timestamp="2014-07-29T04:30:52" hostname="Alis-MacBook-Pro.local" time="0.0">
  <properties/>
  <testcase name="testFindMiddlePointersOddElements" classname="com.hackergym.samples.linkedlist.questions.MiddleFinderTest" time="0.0"/>
  <testcase name="testFindMiddleIterativeEven" classname="com.hackergym.samples.linkedlist.questions.MiddleFinderTest" time="0.0"/>
  <testcase name="testFindMiddleIterativeOdd" classname="com.hackergym.samples.linkedlist.questions.MiddleFinderTest" time="0.0"/>
  <testcase name="testFindMiddlePointersSingleElement" classname="com.hackergym.samples.linkedlist.questions.MiddleFinderTest" time="0.0"/>
  <testcase name="testFindMiddlePointersEvenElements" classname="com.hackergym.samples.linkedlist.questions.MiddleFinderTest" time="0.0"/>
  <testcase name="testFindMiddleIterativeSingleElement" classname="com.hackergym.samples.linkedlist.questions.MiddleFinderTest" time="0.0"/>
  <system-out><![CDATA[]]></system-out>
  <system-err><![CDATA[]]></system-err>
</testsuite>
