<?xml version="1.0" encoding="UTF-8"?>
<testsuite name="com.hackergym.samples.array.questions.PivotTest" tests="4" skipped="0" failures="0" errors="0" timestamp="2014-09-07T19:40:14" hostname="Alis-MacBook-Pro.local" time="0.0">
  <properties/>
  <testcase name="testPerformPivot" classname="com.hackergym.samples.array.questions.PivotTest" time="0.0"/>
  <testcase name="testPerformPivotAllOnRight" classname="com.hackergym.samples.array.questions.PivotTest" time="0.0"/>
  <testcase name="testPerformPivotAllOnLeft" classname="com.hackergym.samples.array.questions.PivotTest" time="0.0"/>
  <testcase name="testPerformPivotAlreadyPivoted" classname="com.hackergym.samples.array.questions.PivotTest" time="0.0"/>
  <system-out><![CDATA[]]></system-out>
  <system-err><![CDATA[]]></system-err>
</testsuite>
