<?xml version="1.0" encoding="UTF-8"?>
<testsuite name="com.hackergym.samples.linkedlist.questions.Problem12Test" tests="19" skipped="0" failures="0" errors="0" timestamp="2014-09-07T19:40:14" hostname="Alis-MacBook-Pro.local" time="0.003">
  <properties/>
  <testcase name="testIsPalindromeCustomOdd" classname="com.hackergym.samples.linkedlist.questions.Problem12Test" time="0.0"/>
  <testcase name="testIsPalindromeStackEven" classname="com.hackergym.samples.linkedlist.questions.Problem12Test" time="0.0"/>
  <testcase name="testIsPalindromeReverseOddNegative" classname="com.hackergym.samples.linkedlist.questions.Problem12Test" time="0.0"/>
  <testcase name="testIsPalindromeHalfReverseOddNegative" classname="com.hackergym.samples.linkedlist.questions.Problem12Test" time="0.0"/>
  <testcase name="testIsPalindromeStackOddNegative" classname="com.hackergym.samples.linkedlist.questions.Problem12Test" time="0.0"/>
  <testcase name="testIsPalindromeCustomOddNegative" classname="com.hackergym.samples.linkedlist.questions.Problem12Test" time="0.0"/>
  <testcase name="testIsPalindromeReverseEvenNegative" classname="com.hackergym.samples.linkedlist.questions.Problem12Test" time="0.0"/>
  <testcase name="testIsPalindromeReverseSingleElement" classname="com.hackergym.samples.linkedlist.questions.Problem12Test" time="0.0"/>
  <testcase name="testIsPalindromeCustomEvenNegative" classname="com.hackergym.samples.linkedlist.questions.Problem12Test" time="0.0"/>
  <testcase name="testIsPalindromeReverseEven" classname="com.hackergym.samples.linkedlist.questions.Problem12Test" time="0.0"/>
  <testcase name="testIsPalindromeHalfReverseOdd" classname="com.hackergym.samples.linkedlist.questions.Problem12Test" time="0.0"/>
  <testcase name="testIsPalindromeStackOdd" classname="com.hackergym.samples.linkedlist.questions.Problem12Test" time="0.0"/>
  <testcase name="testIsPalindromeHalfReverseEven" classname="com.hackergym.samples.linkedlist.questions.Problem12Test" time="0.0"/>
  <testcase name="testIsPalindromeCustomSingleElement" classname="com.hackergym.samples.linkedlist.questions.Problem12Test" time="0.0"/>
  <testcase name="testIsPalindromeStackEvenNegative" classname="com.hackergym.samples.linkedlist.questions.Problem12Test" time="0.0"/>
  <testcase name="testIsPalindromeStackSingle" classname="com.hackergym.samples.linkedlist.questions.Problem12Test" time="0.0"/>
  <testcase name="testIsPalindromeHalfReverseEvenNegative" classname="com.hackergym.samples.linkedlist.questions.Problem12Test" time="0.0"/>
  <testcase name="testIsPalindromeCustomEven" classname="com.hackergym.samples.linkedlist.questions.Problem12Test" time="0.0"/>
  <testcase name="testIsPalindromeReverseOdd" classname="com.hackergym.samples.linkedlist.questions.Problem12Test" time="0.0"/>
  <system-out><![CDATA[]]></system-out>
  <system-err><![CDATA[]]></system-err>
</testsuite>
