<?xml version="1.0" encoding="UTF-8"?>
<testsuite name="com.hackergym.samples.linkedlist.questions.KthElementTest" tests="15" skipped="0" failures="0" errors="0" timestamp="2014-07-29T04:30:52" hostname="Alis-MacBook-Pro.local" time="0.009">
  <properties/>
  <testcase name="testGetKthElementStackEmptyList" classname="com.hackergym.samples.linkedlist.questions.KthElementTest" time="0.001"/>
  <testcase name="testGetKthElementStackSingleItemList" classname="com.hackergym.samples.linkedlist.questions.KthElementTest" time="0.001"/>
  <testcase name="testGetKthElementStackLastElement" classname="com.hackergym.samples.linkedlist.questions.KthElementTest" time="0.0"/>
  <testcase name="testGetKthElementPointersEmptyList" classname="com.hackergym.samples.linkedlist.questions.KthElementTest" time="0.001"/>
  <testcase name="testGetKthElementPointerLastElement" classname="com.hackergym.samples.linkedlist.questions.KthElementTest" time="0.0"/>
  <testcase name="testGetKthElementRecursivelyEmptyList" classname="com.hackergym.samples.linkedlist.questions.KthElementTest" time="0.0"/>
  <testcase name="testGetKthElementPointersSingleElement" classname="com.hackergym.samples.linkedlist.questions.KthElementTest" time="0.001"/>
  <testcase name="testGetKthElementRecursiveLastElement" classname="com.hackergym.samples.linkedlist.questions.KthElementTest" time="0.0"/>
  <testcase name="testGetKthElementStack" classname="com.hackergym.samples.linkedlist.questions.KthElementTest" time="0.001"/>
  <testcase name="testGetKthElementRecursiveInvalidK" classname="com.hackergym.samples.linkedlist.questions.KthElementTest" time="0.0"/>
  <testcase name="testGetKthElementStackInvalidK" classname="com.hackergym.samples.linkedlist.questions.KthElementTest" time="0.001"/>
  <testcase name="testGetKthElementPointers" classname="com.hackergym.samples.linkedlist.questions.KthElementTest" time="0.0"/>
  <testcase name="testGetKthElementRecursively" classname="com.hackergym.samples.linkedlist.questions.KthElementTest" time="0.0"/>
  <testcase name="testGetKthElementPointerInvalidK" classname="com.hackergym.samples.linkedlist.questions.KthElementTest" time="0.001"/>
  <testcase name="testGetKthElementRecursivelySingleItemList" classname="com.hackergym.samples.linkedlist.questions.KthElementTest" time="0.0"/>
  <system-out><![CDATA[]]></system-out>
  <system-err><![CDATA[]]></system-err>
</testsuite>
