<?xml version="1.0" encoding="UTF-8"?>
<testsuite name="com.hackergym.samples.array.questions.DynamicArrayTest" tests="7" skipped="0" failures="0" errors="0" timestamp="2014-09-06T17:07:34" hostname="Alis-MacBook-Pro.local" time="0.003">
  <properties/>
  <testcase name="testDeleteWithShrinkage" classname="com.hackergym.samples.array.questions.DynamicArrayTest" time="0.0"/>
  <testcase name="testDeleteNormal" classname="com.hackergym.samples.array.questions.DynamicArrayTest" time="0.0"/>
  <testcase name="testInsertNull" classname="com.hackergym.samples.array.questions.DynamicArrayTest" time="0.0"/>
  <testcase name="testInsertNormal" classname="com.hackergym.samples.array.questions.DynamicArrayTest" time="0.0"/>
  <testcase name="testInsertWithExpansion" classname="com.hackergym.samples.array.questions.DynamicArrayTest" time="0.0"/>
  <testcase name="testDeleteInvalidIndex" classname="com.hackergym.samples.array.questions.DynamicArrayTest" time="0.001"/>
  <testcase name="testInsertAndDeleteTogether" classname="com.hackergym.samples.array.questions.DynamicArrayTest" time="0.001"/>
  <system-out><![CDATA[]]></system-out>
  <system-err><![CDATA[]]></system-err>
</testsuite>
