<?xml version="1.0" encoding="UTF-8"?>
<testsuite name="com.hackergym.samples.linkedlist.questions.FlattenTest" tests="2" skipped="0" failures="0" errors="0" timestamp="2014-06-16T17:56:46" hostname="Alis-MacBook-Pro.local" time="0.001">
  <properties/>
  <testcase name="testFlattenListNoChildren" classname="com.hackergym.samples.linkedlist.questions.FlattenTest" time="0.001"/>
  <testcase name="testFlattenList" classname="com.hackergym.samples.linkedlist.questions.FlattenTest" time="0.0"/>
  <system-out><![CDATA[]]></system-out>
  <system-err><![CDATA[]]></system-err>
</testsuite>
