<?xml version="1.0" encoding="UTF-8"?>
<testsuite name="com.hackergym.samples.linkedlist.questions.ListCopyTest" tests="4" skipped="0" failures="0" errors="0" timestamp="2014-06-16T17:56:46" hostname="Alis-MacBook-Pro.local" time="0.007">
  <properties/>
  <testcase name="testCopyWithHash" classname="com.hackergym.samples.linkedlist.questions.ListCopyTest" time="0.006"/>
  <testcase name="testCopyWithHashSingleNode" classname="com.hackergym.samples.linkedlist.questions.ListCopyTest" time="0.001"/>
  <testcase name="testCopyWithPointers" classname="com.hackergym.samples.linkedlist.questions.ListCopyTest" time="0.0"/>
  <testcase name="testCopyWithPointersSingleList" classname="com.hackergym.samples.linkedlist.questions.ListCopyTest" time="0.0"/>
  <system-out><![CDATA[]]></system-out>
  <system-err><![CDATA[]]></system-err>
</testsuite>
