<?xml version="1.0" encoding="UTF-8"?>
<testsuite name="com.hackergym.samples.linkedlist.questions.StraightDeleteTest" tests="3" skipped="0" failures="0" errors="0" timestamp="2014-09-06T17:07:34" hostname="Alis-MacBook-Pro.local" time="0.0">
  <properties/>
  <testcase name="testStraightDelete" classname="com.hackergym.samples.linkedlist.questions.StraightDeleteTest" time="0.0"/>
  <testcase name="testStraightLastElement" classname="com.hackergym.samples.linkedlist.questions.StraightDeleteTest" time="0.0"/>
  <testcase name="testStraightFirstElement" classname="com.hackergym.samples.linkedlist.questions.StraightDeleteTest" time="0.0"/>
  <system-out><![CDATA[]]></system-out>
  <system-err><![CDATA[]]></system-err>
</testsuite>
