<?xml version="1.0" encoding="UTF-8"?>
<testsuite name="com.hackergym.samples.linkedlist.questions.Problem2Test" tests="3" skipped="0" failures="0" errors="0" timestamp="2014-09-07T19:40:14" hostname="Alis-MacBook-Pro.local" time="0.001">
  <properties/>
  <testcase name="testLRUSizeOne" classname="com.hackergym.samples.linkedlist.questions.Problem2Test" time="0.001"/>
  <testcase name="testLRUInsert" classname="com.hackergym.samples.linkedlist.questions.Problem2Test" time="0.0"/>
  <testcase name="testLRUGet" classname="com.hackergym.samples.linkedlist.questions.Problem2Test" time="0.0"/>
  <system-out><![CDATA[]]></system-out>
  <system-err><![CDATA[]]></system-err>
</testsuite>
