<?xml version="1.0" encoding="UTF-8"?>
<testsuite name="com.hackergym.samples.array.questions.PermutatorTest" tests="7" skipped="0" failures="0" errors="0" timestamp="2014-09-06T17:07:34" hostname="Alis-MacBook-Pro.local" time="0.001">
  <properties/>
  <testcase name="testPermutateOneCycle" classname="com.hackergym.samples.array.questions.PermutatorTest" time="0.0"/>
  <testcase name="testPermutateBadPermutation" classname="com.hackergym.samples.array.questions.PermutatorTest" time="0.0"/>
  <testcase name="testPermutateInvalidPermutation" classname="com.hackergym.samples.array.questions.PermutatorTest" time="0.0"/>
  <testcase name="testPermutateBadPermutationIndexes" classname="com.hackergym.samples.array.questions.PermutatorTest" time="0.0"/>
  <testcase name="testPermutate" classname="com.hackergym.samples.array.questions.PermutatorTest" time="0.0"/>
  <testcase name="testPermutateNoPermutation" classname="com.hackergym.samples.array.questions.PermutatorTest" time="0.0"/>
  <testcase name="testPermutateAllCycles" classname="com.hackergym.samples.array.questions.PermutatorTest" time="0.0"/>
  <system-out><![CDATA[]]></system-out>
  <system-err><![CDATA[]]></system-err>
</testsuite>
