<?xml version="1.0" encoding="UTF-8"?>
<testsuite name="com.hackergym.samples.array.questions.MagicIndexTest" tests="8" skipped="0" failures="0" errors="0" timestamp="2014-09-06T17:07:34" hostname="Alis-MacBook-Pro.local" time="0.001">
  <properties/>
  <testcase name="testFindMagicIndexWithDuplicatesEven" classname="com.hackergym.samples.array.questions.MagicIndexTest" time="0.0"/>
  <testcase name="testFindMagicIndexWithDuplicatesOnLeft" classname="com.hackergym.samples.array.questions.MagicIndexTest" time="0.0"/>
  <testcase name="testFindMagicIndexWithDuplicatesNoDuplicates" classname="com.hackergym.samples.array.questions.MagicIndexTest" time="0.0"/>
  <testcase name="testFindMagicIndexNonExisting" classname="com.hackergym.samples.array.questions.MagicIndexTest" time="0.0"/>
  <testcase name="testFindMagicIndexWithDuplicatesNonExisting" classname="com.hackergym.samples.array.questions.MagicIndexTest" time="0.0"/>
  <testcase name="testFindMagicIndexOdd" classname="com.hackergym.samples.array.questions.MagicIndexTest" time="0.0"/>
  <testcase name="testFindMagicIndexWithDuplicatesOnRight" classname="com.hackergym.samples.array.questions.MagicIndexTest" time="0.0"/>
  <testcase name="testFindMagicIndexEven" classname="com.hackergym.samples.array.questions.MagicIndexTest" time="0.0"/>
  <system-out><![CDATA[]]></system-out>
  <system-err><![CDATA[]]></system-err>
</testsuite>
