<?xml version="1.0" encoding="UTF-8"?>
<testsuite name="com.hackergym.samples.array.questions.ReverseTest" tests="4" skipped="0" failures="0" errors="0" timestamp="2014-09-07T19:40:14" hostname="Alis-MacBook-Pro.local" time="0.001">
  <properties/>
  <testcase name="reverseWithMemoryOneElement" classname="com.hackergym.samples.array.questions.ReverseTest" time="0.001"/>
  <testcase name="reverseWithMemoryNormal" classname="com.hackergym.samples.array.questions.ReverseTest" time="0.0"/>
  <testcase name="reverseWithoutMemoryOneElement" classname="com.hackergym.samples.array.questions.ReverseTest" time="0.0"/>
  <testcase name="reverseWithoutMemoryNormal" classname="com.hackergym.samples.array.questions.ReverseTest" time="0.0"/>
  <system-out><![CDATA[]]></system-out>
  <system-err><![CDATA[]]></system-err>
</testsuite>
