<?xml version="1.0" encoding="UTF-8"?>
<testsuite name="com.hackergym.samples.linkedlist.questions.DuplicateRemoverTest" tests="3" skipped="0" failures="0" errors="0" timestamp="2014-07-29T04:30:52" hostname="Alis-MacBook-Pro.local" time="0.0">
  <properties/>
  <testcase name="testRemoveDuplicatesMoreThanOne" classname="com.hackergym.samples.linkedlist.questions.DuplicateRemoverTest" time="0.0"/>
  <testcase name="testRemoveDuplicates" classname="com.hackergym.samples.linkedlist.questions.DuplicateRemoverTest" time="0.0"/>
  <testcase name="testRemoveDuplicatesNoDuplicates" classname="com.hackergym.samples.linkedlist.questions.DuplicateRemoverTest" time="0.0"/>
  <system-out><![CDATA[]]></system-out>
  <system-err><![CDATA[]]></system-err>
</testsuite>
