<?xml version="1.0" encoding="UTF-8"?>
<testsuite name="com.hackergym.samples.linkedlist.questions.ReverseTest" tests="13" skipped="0" failures="0" errors="0" timestamp="2014-06-16T17:56:46" hostname="Alis-MacBook-Pro.local" time="0.007">
  <properties/>
  <testcase name="testReverseRecursiveEmpty" classname="com.hackergym.samples.linkedlist.questions.ReverseTest" time="0.001"/>
  <testcase name="testReversePointerSingleElement" classname="com.hackergym.samples.linkedlist.questions.ReverseTest" time="0.001"/>
  <testcase name="testReversePointerOddElements" classname="com.hackergym.samples.linkedlist.questions.ReverseTest" time="0.0"/>
  <testcase name="testReverseRecursiveSingleElement" classname="com.hackergym.samples.linkedlist.questions.ReverseTest" time="0.001"/>
  <testcase name="testReversePointerThreeElements" classname="com.hackergym.samples.linkedlist.questions.ReverseTest" time="0.0"/>
  <testcase name="testReversePointerEmpty" classname="com.hackergym.samples.linkedlist.questions.ReverseTest" time="0.001"/>
  <testcase name="testReverseStackNormal" classname="com.hackergym.samples.linkedlist.questions.ReverseTest" time="0.0"/>
  <testcase name="testReversePointerEvenElements" classname="com.hackergym.samples.linkedlist.questions.ReverseTest" time="0.001"/>
  <testcase name="testReverseStackEmpty" classname="com.hackergym.samples.linkedlist.questions.ReverseTest" time="0.0"/>
  <testcase name="testReversePointerTwoElements" classname="com.hackergym.samples.linkedlist.questions.ReverseTest" time="0.001"/>
  <testcase name="testReverseRecursiveNormal" classname="com.hackergym.samples.linkedlist.questions.ReverseTest" time="0.0"/>
  <testcase name="testReverseStackSingleElement" classname="com.hackergym.samples.linkedlist.questions.ReverseTest" time="0.001"/>
  <testcase name="testReversePointerNormal" classname="com.hackergym.samples.linkedlist.questions.ReverseTest" time="0.0"/>
  <system-out><![CDATA[]]></system-out>
  <system-err><![CDATA[]]></system-err>
</testsuite>
