<?xml version="1.0" encoding="UTF-8"?>
<testsuite name="com.hackergym.samples.linkedlist.questions.IntersectDetectorTest" tests="8" skipped="0" failures="0" errors="0" timestamp="2014-07-29T04:30:52" hostname="Alis-MacBook-Pro.local" time="0.005">
  <properties/>
  <testcase name="testDetectIntersectionWithHashDifferentSizes" classname="com.hackergym.samples.linkedlist.questions.IntersectDetectorTest" time="0.001"/>
  <testcase name="testDetectIntersectionWithPointerIntersectAtBeginning" classname="com.hackergym.samples.linkedlist.questions.IntersectDetectorTest" time="0.001"/>
  <testcase name="testDetectIntersectionWithPointersEqualSize" classname="com.hackergym.samples.linkedlist.questions.IntersectDetectorTest" time="0.0"/>
  <testcase name="testDetectIntersectionWithPointersNotIntersecting" classname="com.hackergym.samples.linkedlist.questions.IntersectDetectorTest" time="0.001"/>
  <testcase name="testDetectIntersectionWithPointersDifferentSizes" classname="com.hackergym.samples.linkedlist.questions.IntersectDetectorTest" time="0.0"/>
  <testcase name="testDetectIntersectionWithHashNotIntersecting" classname="com.hackergym.samples.linkedlist.questions.IntersectDetectorTest" time="0.0"/>
  <testcase name="testDetectIntersectionWithHashIntersectAtBeginning" classname="com.hackergym.samples.linkedlist.questions.IntersectDetectorTest" time="0.0"/>
  <testcase name="testDetectIntersectionWithHashEqualSize" classname="com.hackergym.samples.linkedlist.questions.IntersectDetectorTest" time="0.001"/>
  <system-out><![CDATA[]]></system-out>
  <system-err><![CDATA[]]></system-err>
</testsuite>
