<?xml version="1.0" encoding="UTF-8"?>
<testsuite name="com.hackergym.samples.array.questions.CircularShiftTest" tests="6" skipped="0" failures="0" errors="0" timestamp="2014-09-06T17:07:33" hostname="Alis-MacBook-Pro.local" time="0.002">
  <properties/>
  <testcase name="testShiftWithExtraMemoryBigShift" classname="com.hackergym.samples.array.questions.CircularShiftTest" time="0.001"/>
  <testcase name="testShiftWithRotateZeroShift" classname="com.hackergym.samples.array.questions.CircularShiftTest" time="0.0"/>
  <testcase name="testShiftWithExtraMemory" classname="com.hackergym.samples.array.questions.CircularShiftTest" time="0.0"/>
  <testcase name="testShiftWithRotateBigShift" classname="com.hackergym.samples.array.questions.CircularShiftTest" time="0.001"/>
  <testcase name="testShiftWithRotate" classname="com.hackergym.samples.array.questions.CircularShiftTest" time="0.0"/>
  <testcase name="testShiftWithExtraMemoryZeroShift" classname="com.hackergym.samples.array.questions.CircularShiftTest" time="0.0"/>
  <system-out><![CDATA[]]></system-out>
  <system-err><![CDATA[]]></system-err>
</testsuite>
