<?xml version="1.0" encoding="UTF-8"?>
<testsuite name="com.hackergym.samples.linkedlist.questions.Problem11Test" tests="11" skipped="0" failures="0" errors="0" timestamp="2014-09-07T19:40:14" hostname="Alis-MacBook-Pro.local" time="0.005">
  <properties/>
  <testcase name="testRemoveLoopHashNoLoop" classname="com.hackergym.samples.linkedlist.questions.Problem11Test" time="0.001"/>
  <testcase name="testRemoveLoopHash" classname="com.hackergym.samples.linkedlist.questions.Problem11Test" time="0.0"/>
  <testcase name="testRemoveLoopPointersOddNodes" classname="com.hackergym.samples.linkedlist.questions.Problem11Test" time="0.001"/>
  <testcase name="testRemoveLoopPointersSingleNode" classname="com.hackergym.samples.linkedlist.questions.Problem11Test" time="0.0"/>
  <testcase name="testRemoveLoopCustomOddNodes" classname="com.hackergym.samples.linkedlist.questions.Problem11Test" time="0.001"/>
  <testcase name="testRemoveLoopHashSingleNode" classname="com.hackergym.samples.linkedlist.questions.Problem11Test" time="0.0"/>
  <testcase name="testRemoveLoopPointersEvenNodes" classname="com.hackergym.samples.linkedlist.questions.Problem11Test" time="0.0"/>
  <testcase name="testRemoveLoopCustomPointersEvenNodes" classname="com.hackergym.samples.linkedlist.questions.Problem11Test" time="0.0"/>
  <testcase name="testRemoveLoopCustomNoLoop" classname="com.hackergym.samples.linkedlist.questions.Problem11Test" time="0.0"/>
  <testcase name="testRemoveLoopPointersNoLoop" classname="com.hackergym.samples.linkedlist.questions.Problem11Test" time="0.0"/>
  <testcase name="testRemoveLoopCustomSingleNode" classname="com.hackergym.samples.linkedlist.questions.Problem11Test" time="0.0"/>
  <system-out><![CDATA[]]></system-out>
  <system-err><![CDATA[]]></system-err>
</testsuite>
