<?xml version="1.0" encoding="UTF-8"?>
<testsuite name="com.hackergym.samples.array.questions.AnagramTest" tests="7" skipped="0" failures="0" errors="0" timestamp="2014-09-06T17:07:33" hostname="Alis-MacBook-Pro.local" time="0.005">
  <properties/>
  <testcase name="testAreAnagramsSortNotAnagramsDifferentLength" classname="com.hackergym.samples.array.questions.AnagramTest" time="0.002"/>
  <testcase name="testAreAnagramsHashNotAnagramsSameLengthNewChar" classname="com.hackergym.samples.array.questions.AnagramTest" time="0.0"/>
  <testcase name="testAreAnagramsHash" classname="com.hackergym.samples.array.questions.AnagramTest" time="0.001"/>
  <testcase name="testAreAnagramsSort" classname="com.hackergym.samples.array.questions.AnagramTest" time="0.0"/>
  <testcase name="testAreAnagramsHashNotAnagramsSameLengthMissingChar" classname="com.hackergym.samples.array.questions.AnagramTest" time="0.0"/>
  <testcase name="testAreAnagramsSortNotAnagramsSameLength" classname="com.hackergym.samples.array.questions.AnagramTest" time="0.0"/>
  <testcase name="testAreAnagramsHashNotAnagramsDifferentLength" classname="com.hackergym.samples.array.questions.AnagramTest" time="0.0"/>
  <system-out><![CDATA[]]></system-out>
  <system-err><![CDATA[]]></system-err>
</testsuite>
