<?xml version="1.0" encoding="UTF-8"?>
<testsuite name="com.hackergym.samples.linkedlist.questions.InterleavingTest" tests="6" skipped="0" failures="0" errors="0" timestamp="2014-06-16T17:56:46" hostname="Alis-MacBook-Pro.local" time="0.03">
  <properties/>
  <testcase name="testInterleaveStackOdd" classname="com.hackergym.samples.linkedlist.questions.InterleavingTest" time="0.026"/>
  <testcase name="testInterleaveSingleElement" classname="com.hackergym.samples.linkedlist.questions.InterleavingTest" time="0.0"/>
  <testcase name="testInterleaveStackEvent" classname="com.hackergym.samples.linkedlist.questions.InterleavingTest" time="0.001"/>
  <testcase name="testInterleaveReverseEven" classname="com.hackergym.samples.linkedlist.questions.InterleavingTest" time="0.001"/>
  <testcase name="testInterleaveReverseOdd" classname="com.hackergym.samples.linkedlist.questions.InterleavingTest" time="0.001"/>
  <testcase name="testInterleaveSingle" classname="com.hackergym.samples.linkedlist.questions.InterleavingTest" time="0.001"/>
  <system-out><![CDATA[[0, 8, 1, 7, 2, 6, 3, 5, 4]
[0, 8, 1, 7, 2, 6, 3, 5, 4]
[0]
[0]
[0, 9, 1, 8, 2, 7, 3, 6, 4, 5]
[0, 9, 1, 8, 2, 7, 3, 6, 4, 5]
[0, 11, 1, 10, 2, 9, 3, 8, 4, 7, 5, 6]
[0, 11]
[0, 10, 1, 9, 2, 8, 3, 7, 4, 6, 5]
[0, 10]
[0]
[0]
]]></system-out>
  <system-err><![CDATA[]]></system-err>
</testsuite>
