<?xml version="1.0" encoding="UTF-8"?>
<testsuite name="com.hackergym.samples.array.questions.SubstringTest" tests="9" skipped="0" failures="0" errors="0" timestamp="2014-09-07T19:40:14" hostname="Alis-MacBook-Pro.local" time="0.001">
  <properties/>
  <testcase name="testFindSubstringRabinKarpAtThEnd" classname="com.hackergym.samples.array.questions.SubstringTest" time="0.0"/>
  <testcase name="testFindSubstringRabinKarp" classname="com.hackergym.samples.array.questions.SubstringTest" time="0.0"/>
  <testcase name="testFindSubstringBruteForce" classname="com.hackergym.samples.array.questions.SubstringTest" time="0.0"/>
  <testcase name="testFindSubstringBruteForceNonExistance" classname="com.hackergym.samples.array.questions.SubstringTest" time="0.0"/>
  <testcase name="testFindSubstringRabinKarpRepeatingCharacters" classname="com.hackergym.samples.array.questions.SubstringTest" time="0.0"/>
  <testcase name="testFindSubstringRabinKarpLongerSubstring" classname="com.hackergym.samples.array.questions.SubstringTest" time="0.0"/>
  <testcase name="testFindSubstringRabinKarpNonExisting" classname="com.hackergym.samples.array.questions.SubstringTest" time="0.0"/>
  <testcase name="testFindSubstringBruteForceLongerSubstring" classname="com.hackergym.samples.array.questions.SubstringTest" time="0.0"/>
  <testcase name="testFindSubstringBruteForceRepeatingCharacters" classname="com.hackergym.samples.array.questions.SubstringTest" time="0.0"/>
  <system-out><![CDATA[]]></system-out>
  <system-err><![CDATA[]]></system-err>
</testsuite>
